<?xml version="1.0" encoding="UTF-8"?>
<!-- Generated by org.testng.reporters.JUnitXMLReporter -->
<testsuite ignored="0" hostname="Jonaks-MacBook-Air.local" failures="0" tests="120" name="Surefire test" time="96.916" errors="0" timestamp="2025-05-22T21:56:27 IST">
  <testcase classname="org.vantagefit.testUtils.AndroidBaseTest" name="@BeforeClass ConfigureAppium" time="0.277">
    <failure type="java.lang.NoSuchMethodError" message="&amp;apos;void org.openqa.selenium.remote.http.ClientConfig.&amp;lt;init&amp;gt;(java.net.URI, java.time.Duration, java.time.Duration, org.openqa.selenium.remote.http.Filter, java.net.Proxy, org.openqa.selenium.Credentials)&amp;apos;">
      <![CDATA[java.lang.NoSuchMethodError: 'void org.openqa.selenium.remote.http.ClientConfig.<init>(java.net.URI, java.time.Duration, java.time.Duration, org.openqa.selenium.remote.http.Filter, java.net.Proxy, org.openqa.selenium.Credentials)'
at io.appium.java_client.AppiumClientConfig.<init>(AppiumClientConfig.java:62)
at io.appium.java_client.AppiumClientConfig.defaultConfig(AppiumClientConfig.java:79)
at io.appium.java_client.remote.AppiumCommandExecutor.<init>(AppiumCommandExecutor.java:109)
at io.appium.java_client.AppiumDriver.<init>(AppiumDriver.java:101)
at io.appium.java_client.android.AndroidDriver.<init>(AndroidDriver.java:113)
at org.vantagefit.testUtils.AndroidBaseTest.ConfigureAppium(AndroidBaseTest.java:38)
at java.base/java.util.ArrayList.forEach(ArrayList.java:1511)
... Removed 30 stack frames]]>
    </failure>
  </testcase> <!-- @BeforeClass ConfigureAppium -->
  <testcase classname="org.vantagefit.testCases.LocalizationTests" name="testAddHealthDataLocalization" time="0.0">
    <skipped/>
  </testcase> <!-- testAddHealthDataLocalization -->
  <testcase classname="org.vantagefit.testCases.LocalizationTests" name="testAddHealthDataLocalization" time="0.001">
    <skipped/>
  </testcase> <!-- testAddHealthDataLocalization -->
  <testcase classname="org.vantagefit.testCases.LocalizationTests" name="testAddHealthDataLocalization" time="0.001">
    <skipped/>
  </testcase> <!-- testAddHealthDataLocalization -->
  <testcase classname="org.vantagefit.testCases.LocalizationTests" name="testAddHealthDataLocalization" time="0.0">
    <skipped/>
  </testcase> <!-- testAddHealthDataLocalization -->
  <testcase classname="org.vantagefit.testCases.LocalizationTests" name="testAddHealthDataLocalization" time="0.0">
    <skipped/>
  </testcase> <!-- testAddHealthDataLocalization -->
  <testcase classname="org.vantagefit.testCases.LocalizationTests" name="testAddHealthDataLocalization" time="0.001">
    <skipped/>
  </testcase> <!-- testAddHealthDataLocalization -->
  <testcase classname="org.vantagefit.testCases.LocalizationTests" name="testAddHealthDataLocalization" time="0.0">
    <skipped/>
  </testcase> <!-- testAddHealthDataLocalization -->
  <testcase classname="org.vantagefit.testCases.LocalizationTests" name="testAddHealthDataLocalization" time="0.0">
    <skipped/>
  </testcase> <!-- testAddHealthDataLocalization -->
  <testcase classname="org.vantagefit.testCases.LocalizationTests" name="testAddHealthDataLocalization" time="0.001">
    <skipped/>
  </testcase> <!-- testAddHealthDataLocalization -->
  <testcase classname="org.vantagefit.testCases.LocalizationTests" name="testAddHealthDataLocalization" time="0.0">
    <skipped/>
  </testcase> <!-- testAddHealthDataLocalization -->
  <testcase classname="org.vantagefit.testCases.LocalizationTests" name="testAddHealthDataLocalization" time="0.0">
    <skipped/>
  </testcase> <!-- testAddHealthDataLocalization -->
  <testcase classname="org.vantagefit.testCases.LocalizationTests" name="testAddHealthDataLocalization" time="0.0">
    <skipped/>
  </testcase> <!-- testAddHealthDataLocalization -->
  <testcase classname="org.vantagefit.testCases.LocalizationTests" name="testAddHealthDataLocalization" time="0.001">
    <skipped/>
  </testcase> <!-- testAddHealthDataLocalization -->
  <testcase classname="org.vantagefit.testCases.LocalizationTests" name="testAddHealthDataLocalization" time="0.0">
    <skipped/>
  </testcase> <!-- testAddHealthDataLocalization -->
  <testcase classname="org.vantagefit.testCases.LocalizationTests" name="testAddHealthDataLocalization" time="0.0">
    <skipped/>
  </testcase> <!-- testAddHealthDataLocalization -->
  <testcase classname="org.vantagefit.testCases.LocalizationTests" name="testAgreementLocalization" time="0.0">
    <skipped/>
  </testcase> <!-- testAgreementLocalization -->
  <testcase classname="org.vantagefit.testCases.LocalizationTests" name="testAgreementLocalization" time="0.001">
    <skipped/>
  </testcase> <!-- testAgreementLocalization -->
  <testcase classname="org.vantagefit.testCases.LocalizationTests" name="testAgreementLocalization" time="0.0">
    <skipped/>
  </testcase> <!-- testAgreementLocalization -->
  <testcase classname="org.vantagefit.testCases.LocalizationTests" name="testAgreementLocalization" time="0.0">
    <skipped/>
  </testcase> <!-- testAgreementLocalization -->
  <testcase classname="org.vantagefit.testCases.LocalizationTests" name="testAgreementLocalization" time="0.0">
    <skipped/>
  </testcase> <!-- testAgreementLocalization -->
  <testcase classname="org.vantagefit.testCases.LocalizationTests" name="testAgreementLocalization" time="0.0">
    <skipped/>
  </testcase> <!-- testAgreementLocalization -->
  <testcase classname="org.vantagefit.testCases.LocalizationTests" name="testAgreementLocalization" time="0.001">
    <skipped/>
  </testcase> <!-- testAgreementLocalization -->
  <testcase classname="org.vantagefit.testCases.LocalizationTests" name="testAgreementLocalization" time="0.001">
    <skipped/>
  </testcase> <!-- testAgreementLocalization -->
  <testcase classname="org.vantagefit.testCases.LocalizationTests" name="testAgreementLocalization" time="0.0">
    <skipped/>
  </testcase> <!-- testAgreementLocalization -->
  <testcase classname="org.vantagefit.testCases.LocalizationTests" name="testAgreementLocalization" time="0.0">
    <skipped/>
  </testcase> <!-- testAgreementLocalization -->
  <testcase classname="org.vantagefit.testCases.LocalizationTests" name="testAgreementLocalization" time="0.0">
    <skipped/>
  </testcase> <!-- testAgreementLocalization -->
  <testcase classname="org.vantagefit.testCases.LocalizationTests" name="testAgreementLocalization" time="0.0">
    <skipped/>
  </testcase> <!-- testAgreementLocalization -->
  <testcase classname="org.vantagefit.testCases.LocalizationTests" name="testAgreementLocalization" time="0.0">
    <skipped/>
  </testcase> <!-- testAgreementLocalization -->
  <testcase classname="org.vantagefit.testCases.LocalizationTests" name="testAgreementLocalization" time="0.0">
    <skipped/>
  </testcase> <!-- testAgreementLocalization -->
  <testcase classname="org.vantagefit.testCases.LocalizationTests" name="testAgreementLocalization" time="0.0">
    <skipped/>
  </testcase> <!-- testAgreementLocalization -->
  <testcase classname="org.vantagefit.testCases.LocalizationTests" name="testConnectGoogleFitLocalization" time="0.0">
    <skipped/>
  </testcase> <!-- testConnectGoogleFitLocalization -->
  <testcase classname="org.vantagefit.testCases.LocalizationTests" name="testConnectGoogleFitLocalization" time="0.0">
    <skipped/>
  </testcase> <!-- testConnectGoogleFitLocalization -->
  <testcase classname="org.vantagefit.testCases.LocalizationTests" name="testConnectGoogleFitLocalization" time="0.001">
    <skipped/>
  </testcase> <!-- testConnectGoogleFitLocalization -->
  <testcase classname="org.vantagefit.testCases.LocalizationTests" name="testConnectGoogleFitLocalization" time="0.0">
    <skipped/>
  </testcase> <!-- testConnectGoogleFitLocalization -->
  <testcase classname="org.vantagefit.testCases.LocalizationTests" name="testConnectGoogleFitLocalization" time="0.0">
    <skipped/>
  </testcase> <!-- testConnectGoogleFitLocalization -->
  <testcase classname="org.vantagefit.testCases.LocalizationTests" name="testConnectGoogleFitLocalization" time="0.001">
    <skipped/>
  </testcase> <!-- testConnectGoogleFitLocalization -->
  <testcase classname="org.vantagefit.testCases.LocalizationTests" name="testConnectGoogleFitLocalization" time="0.0">
    <skipped/>
  </testcase> <!-- testConnectGoogleFitLocalization -->
  <testcase classname="org.vantagefit.testCases.LocalizationTests" name="testConnectGoogleFitLocalization" time="0.0">
    <skipped/>
  </testcase> <!-- testConnectGoogleFitLocalization -->
  <testcase classname="org.vantagefit.testCases.LocalizationTests" name="testConnectGoogleFitLocalization" time="0.001">
    <skipped/>
  </testcase> <!-- testConnectGoogleFitLocalization -->
  <testcase classname="org.vantagefit.testCases.LocalizationTests" name="testConnectGoogleFitLocalization" time="0.001">
    <skipped/>
  </testcase> <!-- testConnectGoogleFitLocalization -->
  <testcase classname="org.vantagefit.testCases.LocalizationTests" name="testConnectGoogleFitLocalization" time="0.0">
    <skipped/>
  </testcase> <!-- testConnectGoogleFitLocalization -->
  <testcase classname="org.vantagefit.testCases.LocalizationTests" name="testConnectGoogleFitLocalization" time="0.0">
    <skipped/>
  </testcase> <!-- testConnectGoogleFitLocalization -->
  <testcase classname="org.vantagefit.testCases.LocalizationTests" name="testConnectGoogleFitLocalization" time="0.0">
    <skipped/>
  </testcase> <!-- testConnectGoogleFitLocalization -->
  <testcase classname="org.vantagefit.testCases.LocalizationTests" name="testConnectGoogleFitLocalization" time="0.0">
    <skipped/>
  </testcase> <!-- testConnectGoogleFitLocalization -->
  <testcase classname="org.vantagefit.testCases.LocalizationTests" name="testConnectGoogleFitLocalization" time="0.0">
    <skipped/>
  </testcase> <!-- testConnectGoogleFitLocalization -->
  <testcase classname="org.vantagefit.testCases.LocalizationTests" name="testFABMenuLocalization" time="0.0">
    <skipped/>
  </testcase> <!-- testFABMenuLocalization -->
  <testcase classname="org.vantagefit.testCases.LocalizationTests" name="testFABMenuLocalization" time="0.0">
    <skipped/>
  </testcase> <!-- testFABMenuLocalization -->
  <testcase classname="org.vantagefit.testCases.LocalizationTests" name="testFABMenuLocalization" time="0.0">
    <skipped/>
  </testcase> <!-- testFABMenuLocalization -->
  <testcase classname="org.vantagefit.testCases.LocalizationTests" name="testFABMenuLocalization" time="0.0">
    <skipped/>
  </testcase> <!-- testFABMenuLocalization -->
  <testcase classname="org.vantagefit.testCases.LocalizationTests" name="testFABMenuLocalization" time="0.0">
    <skipped/>
  </testcase> <!-- testFABMenuLocalization -->
  <testcase classname="org.vantagefit.testCases.LocalizationTests" name="testFABMenuLocalization" time="0.0">
    <skipped/>
  </testcase> <!-- testFABMenuLocalization -->
  <testcase classname="org.vantagefit.testCases.LocalizationTests" name="testFABMenuLocalization" time="0.0">
    <skipped/>
  </testcase> <!-- testFABMenuLocalization -->
  <testcase classname="org.vantagefit.testCases.LocalizationTests" name="testFABMenuLocalization" time="0.002">
    <skipped/>
  </testcase> <!-- testFABMenuLocalization -->
  <testcase classname="org.vantagefit.testCases.LocalizationTests" name="testFABMenuLocalization" time="0.0">
    <skipped/>
  </testcase> <!-- testFABMenuLocalization -->
  <testcase classname="org.vantagefit.testCases.LocalizationTests" name="testFABMenuLocalization" time="0.0">
    <skipped/>
  </testcase> <!-- testFABMenuLocalization -->
  <testcase classname="org.vantagefit.testCases.LocalizationTests" name="testFABMenuLocalization" time="0.001">
    <skipped/>
  </testcase> <!-- testFABMenuLocalization -->
  <testcase classname="org.vantagefit.testCases.LocalizationTests" name="testFABMenuLocalization" time="0.0">
    <skipped/>
  </testcase> <!-- testFABMenuLocalization -->
  <testcase classname="org.vantagefit.testCases.LocalizationTests" name="testFABMenuLocalization" time="0.0">
    <skipped/>
  </testcase> <!-- testFABMenuLocalization -->
  <testcase classname="org.vantagefit.testCases.LocalizationTests" name="testFABMenuLocalization" time="0.0">
    <skipped/>
  </testcase> <!-- testFABMenuLocalization -->
  <testcase classname="org.vantagefit.testCases.LocalizationTests" name="testFABMenuLocalization" time="0.0">
    <skipped/>
  </testcase> <!-- testFABMenuLocalization -->
  <testcase classname="org.vantagefit.testCases.LocalizationTests" name="testHealthRecordLocalization" time="0.0">
    <skipped/>
  </testcase> <!-- testHealthRecordLocalization -->
  <testcase classname="org.vantagefit.testCases.LocalizationTests" name="testHealthRecordLocalization" time="0.001">
    <skipped/>
  </testcase> <!-- testHealthRecordLocalization -->
  <testcase classname="org.vantagefit.testCases.LocalizationTests" name="testHealthRecordLocalization" time="0.0">
    <skipped/>
  </testcase> <!-- testHealthRecordLocalization -->
  <testcase classname="org.vantagefit.testCases.LocalizationTests" name="testHealthRecordLocalization" time="0.0">
    <skipped/>
  </testcase> <!-- testHealthRecordLocalization -->
  <testcase classname="org.vantagefit.testCases.LocalizationTests" name="testHealthRecordLocalization" time="0.0">
    <skipped/>
  </testcase> <!-- testHealthRecordLocalization -->
  <testcase classname="org.vantagefit.testCases.LocalizationTests" name="testHealthRecordLocalization" time="0.0">
    <skipped/>
  </testcase> <!-- testHealthRecordLocalization -->
  <testcase classname="org.vantagefit.testCases.LocalizationTests" name="testHealthRecordLocalization" time="0.001">
    <skipped/>
  </testcase> <!-- testHealthRecordLocalization -->
  <testcase classname="org.vantagefit.testCases.LocalizationTests" name="testHealthRecordLocalization" time="0.0">
    <skipped/>
  </testcase> <!-- testHealthRecordLocalization -->
  <testcase classname="org.vantagefit.testCases.LocalizationTests" name="testHealthRecordLocalization" time="0.0">
    <skipped/>
  </testcase> <!-- testHealthRecordLocalization -->
  <testcase classname="org.vantagefit.testCases.LocalizationTests" name="testHealthRecordLocalization" time="0.0">
    <skipped/>
  </testcase> <!-- testHealthRecordLocalization -->
  <testcase classname="org.vantagefit.testCases.LocalizationTests" name="testHealthRecordLocalization" time="0.0">
    <skipped/>
  </testcase> <!-- testHealthRecordLocalization -->
  <testcase classname="org.vantagefit.testCases.LocalizationTests" name="testHealthRecordLocalization" time="0.001">
    <skipped/>
  </testcase> <!-- testHealthRecordLocalization -->
  <testcase classname="org.vantagefit.testCases.LocalizationTests" name="testHealthRecordLocalization" time="0.0">
    <skipped/>
  </testcase> <!-- testHealthRecordLocalization -->
  <testcase classname="org.vantagefit.testCases.LocalizationTests" name="testHealthRecordLocalization" time="0.001">
    <skipped/>
  </testcase> <!-- testHealthRecordLocalization -->
  <testcase classname="org.vantagefit.testCases.LocalizationTests" name="testHealthRecordLocalization" time="0.0">
    <skipped/>
  </testcase> <!-- testHealthRecordLocalization -->
  <testcase classname="org.vantagefit.testCases.LocalizationTests" name="testHomeScreenLocalization" time="0.0">
    <skipped/>
  </testcase> <!-- testHomeScreenLocalization -->
  <testcase classname="org.vantagefit.testCases.LocalizationTests" name="testHomeScreenLocalization" time="0.001">
    <skipped/>
  </testcase> <!-- testHomeScreenLocalization -->
  <testcase classname="org.vantagefit.testCases.LocalizationTests" name="testHomeScreenLocalization" time="0.0">
    <skipped/>
  </testcase> <!-- testHomeScreenLocalization -->
  <testcase classname="org.vantagefit.testCases.LocalizationTests" name="testHomeScreenLocalization" time="0.0">
    <skipped/>
  </testcase> <!-- testHomeScreenLocalization -->
  <testcase classname="org.vantagefit.testCases.LocalizationTests" name="testHomeScreenLocalization" time="0.001">
    <skipped/>
  </testcase> <!-- testHomeScreenLocalization -->
  <testcase classname="org.vantagefit.testCases.LocalizationTests" name="testHomeScreenLocalization" time="0.0">
    <skipped/>
  </testcase> <!-- testHomeScreenLocalization -->
  <testcase classname="org.vantagefit.testCases.LocalizationTests" name="testHomeScreenLocalization" time="0.0">
    <skipped/>
  </testcase> <!-- testHomeScreenLocalization -->
  <testcase classname="org.vantagefit.testCases.LocalizationTests" name="testHomeScreenLocalization" time="0.0">
    <skipped/>
  </testcase> <!-- testHomeScreenLocalization -->
  <testcase classname="org.vantagefit.testCases.LocalizationTests" name="testHomeScreenLocalization" time="0.001">
    <skipped/>
  </testcase> <!-- testHomeScreenLocalization -->
  <testcase classname="org.vantagefit.testCases.LocalizationTests" name="testHomeScreenLocalization" time="0.0">
    <skipped/>
  </testcase> <!-- testHomeScreenLocalization -->
  <testcase classname="org.vantagefit.testCases.LocalizationTests" name="testHomeScreenLocalization" time="0.0">
    <skipped/>
  </testcase> <!-- testHomeScreenLocalization -->
  <testcase classname="org.vantagefit.testCases.LocalizationTests" name="testHomeScreenLocalization" time="0.0">
    <skipped/>
  </testcase> <!-- testHomeScreenLocalization -->
  <testcase classname="org.vantagefit.testCases.LocalizationTests" name="testHomeScreenLocalization" time="0.001">
    <skipped/>
  </testcase> <!-- testHomeScreenLocalization -->
  <testcase classname="org.vantagefit.testCases.LocalizationTests" name="testHomeScreenLocalization" time="0.0">
    <skipped/>
  </testcase> <!-- testHomeScreenLocalization -->
  <testcase classname="org.vantagefit.testCases.LocalizationTests" name="testHomeScreenLocalization" time="0.0">
    <skipped/>
  </testcase> <!-- testHomeScreenLocalization -->
  <testcase classname="org.vantagefit.testCases.LocalizationTests" name="testLoginScreenLocalization" time="0.001">
    <skipped/>
  </testcase> <!-- testLoginScreenLocalization -->
  <testcase classname="org.vantagefit.testCases.LocalizationTests" name="testLoginScreenLocalization" time="0.0">
    <skipped/>
  </testcase> <!-- testLoginScreenLocalization -->
  <testcase classname="org.vantagefit.testCases.LocalizationTests" name="testLoginScreenLocalization" time="0.0">
    <skipped/>
  </testcase> <!-- testLoginScreenLocalization -->
  <testcase classname="org.vantagefit.testCases.LocalizationTests" name="testLoginScreenLocalization" time="0.0">
    <skipped/>
  </testcase> <!-- testLoginScreenLocalization -->
  <testcase classname="org.vantagefit.testCases.LocalizationTests" name="testLoginScreenLocalization" time="0.0">
    <skipped/>
  </testcase> <!-- testLoginScreenLocalization -->
  <testcase classname="org.vantagefit.testCases.LocalizationTests" name="testLoginScreenLocalization" time="0.0">
    <skipped/>
  </testcase> <!-- testLoginScreenLocalization -->
  <testcase classname="org.vantagefit.testCases.LocalizationTests" name="testLoginScreenLocalization" time="0.001">
    <skipped/>
  </testcase> <!-- testLoginScreenLocalization -->
  <testcase classname="org.vantagefit.testCases.LocalizationTests" name="testLoginScreenLocalization" time="0.0">
    <skipped/>
  </testcase> <!-- testLoginScreenLocalization -->
  <testcase classname="org.vantagefit.testCases.LocalizationTests" name="testLoginScreenLocalization" time="0.0">
    <skipped/>
  </testcase> <!-- testLoginScreenLocalization -->
  <testcase classname="org.vantagefit.testCases.LocalizationTests" name="testLoginScreenLocalization" time="0.0">
    <skipped/>
  </testcase> <!-- testLoginScreenLocalization -->
  <testcase classname="org.vantagefit.testCases.LocalizationTests" name="testLoginScreenLocalization" time="0.0">
    <skipped/>
  </testcase> <!-- testLoginScreenLocalization -->
  <testcase classname="org.vantagefit.testCases.LocalizationTests" name="testLoginScreenLocalization" time="0.001">
    <skipped/>
  </testcase> <!-- testLoginScreenLocalization -->
  <testcase classname="org.vantagefit.testCases.LocalizationTests" name="testLoginScreenLocalization" time="0.0">
    <skipped/>
  </testcase> <!-- testLoginScreenLocalization -->
  <testcase classname="org.vantagefit.testCases.LocalizationTests" name="testLoginScreenLocalization" time="0.001">
    <skipped/>
  </testcase> <!-- testLoginScreenLocalization -->
  <testcase classname="org.vantagefit.testCases.LocalizationTests" name="testLoginScreenLocalization" time="0.0">
    <skipped/>
  </testcase> <!-- testLoginScreenLocalization -->
  <testcase classname="org.vantagefit.testCases.LocalizationTests" name="testSSOLocalization" time="0.0">
    <skipped/>
  </testcase> <!-- testSSOLocalization -->
  <testcase classname="org.vantagefit.testCases.LocalizationTests" name="testSSOLocalization" time="0.0">
    <skipped/>
  </testcase> <!-- testSSOLocalization -->
  <testcase classname="org.vantagefit.testCases.LocalizationTests" name="testSSOLocalization" time="0.001">
    <skipped/>
  </testcase> <!-- testSSOLocalization -->
  <testcase classname="org.vantagefit.testCases.LocalizationTests" name="testSSOLocalization" time="0.001">
    <skipped/>
  </testcase> <!-- testSSOLocalization -->
  <testcase classname="org.vantagefit.testCases.LocalizationTests" name="testSSOLocalization" time="0.0">
    <skipped/>
  </testcase> <!-- testSSOLocalization -->
  <testcase classname="org.vantagefit.testCases.LocalizationTests" name="testSSOLocalization" time="0.0">
    <skipped/>
  </testcase> <!-- testSSOLocalization -->
  <testcase classname="org.vantagefit.testCases.LocalizationTests" name="testSSOLocalization" time="0.001">
    <skipped/>
  </testcase> <!-- testSSOLocalization -->
  <testcase classname="org.vantagefit.testCases.LocalizationTests" name="testSSOLocalization" time="0.0">
    <skipped/>
  </testcase> <!-- testSSOLocalization -->
  <testcase classname="org.vantagefit.testCases.LocalizationTests" name="testSSOLocalization" time="0.001">
    <skipped/>
  </testcase> <!-- testSSOLocalization -->
  <testcase classname="org.vantagefit.testCases.LocalizationTests" name="testSSOLocalization" time="0.0">
    <skipped/>
  </testcase> <!-- testSSOLocalization -->
  <testcase classname="org.vantagefit.testCases.LocalizationTests" name="testSSOLocalization" time="0.0">
    <skipped/>
  </testcase> <!-- testSSOLocalization -->
  <testcase classname="org.vantagefit.testCases.LocalizationTests" name="testSSOLocalization" time="0.0">
    <skipped/>
  </testcase> <!-- testSSOLocalization -->
  <testcase classname="org.vantagefit.testCases.LocalizationTests" name="testSSOLocalization" time="0.0">
    <skipped/>
  </testcase> <!-- testSSOLocalization -->
  <testcase classname="org.vantagefit.testCases.LocalizationTests" name="testSSOLocalization" time="0.0">
    <skipped/>
  </testcase> <!-- testSSOLocalization -->
  <testcase classname="org.vantagefit.testCases.LocalizationTests" name="testSSOLocalization" time="0.0">
    <skipped/>
  </testcase> <!-- testSSOLocalization -->
</testsuite> <!-- Surefire test -->
